SF:lib/features/authentication/data/authentication_repository.dart
DA:9,0
DA:12,0
DA:13,0
DA:19,0
DA:21,0
DA:25,0
DA:28,0
DA:29,0
DA:32,0
DA:33,0
DA:36,0
DA:39,0
DA:40,0
DA:44,0
DA:46,0
DA:51,0
DA:53,0
DA:54,0
LF:18
LH:0
end_of_record
SF:lib/features/authentication/data/authentication_repository.g.dart
DA:9,0
DA:13,0
DA:24,0
DA:28,0
LF:4
LH:0
end_of_record
SF:lib/features/notes/data/notes_repository.g.dart
DA:9,0
DA:13,3
DA:24,0
DA:28,0
DA:39,0
DA:43,0
DA:54,0
DA:59,0
DA:60,0
DA:71,0
DA:76,0
DA:77,0
DA:88,0
DA:92,0
DA:94,0
DA:96,0
DA:98,0
DA:99,0
DA:102,0
DA:104,0
DA:106,0
DA:107,0
DA:120,2
DA:123,0
DA:126,0
DA:131,0
DA:135,0
DA:136,0
DA:142,0
DA:147,0
DA:151,0
DA:158,0
DA:160,0
DA:161,0
DA:178,0
DA:180,0
DA:183,0
DA:185,0
DA:186,0
DA:188,0
DA:192,0
DA:202,2
DA:205,0
DA:208,0
DA:213,0
DA:217,0
DA:218,0
DA:224,0
DA:229,0
DA:233,0
DA:240,0
DA:242,0
DA:243,0
DA:260,0
DA:262,0
DA:265,0
DA:267,0
DA:268,0
DA:270,0
LF:59
LH:3
end_of_record
SF:lib/features/notes/data/notes_repository.dart
DA:10,1
DA:13,1
DA:14,2
DA:17,1
DA:18,2
DA:19,1
DA:20,5
DA:23,1
DA:24,1
DA:25,1
DA:26,1
DA:27,3
DA:28,5
DA:32,1
DA:33,2
DA:34,3
DA:35,5
DA:38,1
DA:39,1
DA:40,1
DA:41,1
DA:44,1
DA:45,1
DA:46,4
DA:49,1
DA:55,1
DA:56,1
DA:63,1
DA:65,1
DA:68,1
DA:69,4
DA:72,1
DA:73,2
DA:74,1
DA:77,1
DA:78,4
DA:79,3
DA:80,2
DA:83,5
DA:84,3
DA:85,0
DA:89,0
DA:91,0
DA:94,0
DA:96,0
DA:97,0
DA:98,0
DA:101,0
DA:103,0
DA:104,0
DA:105,0
DA:108,0
DA:110,0
DA:111,0
DA:112,0
DA:115,0
DA:117,0
DA:118,0
DA:119,0
DA:122,0
DA:124,0
DA:125,0
DA:128,0
DA:130,0
DA:131,0
LF:65
LH:40
end_of_record
SF:lib/features/notes/presentation/notes_controller.dart
DA:12,1
DA:14,3
DA:19,0
DA:24,0
DA:25,0
DA:26,0
DA:27,0
DA:28,0
DA:31,0
DA:34,0
DA:35,0
DA:36,0
DA:37,0
DA:42,0
DA:47,0
DA:49,0
DA:50,0
DA:51,0
DA:52,0
DA:55,0
DA:57,0
DA:58,0
DA:59,0
DA:60,0
DA:61,0
DA:64,0
DA:65,0
DA:66,0
DA:67,0
DA:68,0
DA:69,0
DA:70,0
DA:71,0
LF:33
LH:2
end_of_record
SF:lib/utils/notifier_mounted.dart
DA:27,2
DA:30,0
LF:2
LH:1
end_of_record
SF:lib/features/notes/presentation/notes_controller.g.dart
DA:9,1
DA:13,2
DA:14,1
LF:3
LH:3
end_of_record
SF:lib/common_widgets/alert_dialogs.dart
DA:10,0
DA:17,0
DA:18,0
DA:21,0
DA:22,0
DA:23,0
DA:24,0
DA:26,0
DA:27,0
DA:28,0
DA:30,0
DA:32,0
DA:33,0
DA:39,0
DA:42,0
DA:43,0
DA:44,0
DA:45,0
DA:47,0
DA:48,0
DA:49,0
DA:51,0
DA:53,0
DA:54,0
DA:62,0
DA:67,0
DA:70,0
DA:74,0
DA:75,0
LF:29
LH:0
end_of_record
SF:lib/common_widgets/async_value_widget.dart
DA:10,0
DA:14,0
DA:16,0
DA:17,0
DA:18,0
DA:19,0
DA:26,0
DA:31,0
DA:33,0
DA:34,0
DA:35,0
DA:37,0
DA:38,0
LF:13
LH:0
end_of_record
SF:lib/common_widgets/error_message_widget.dart
DA:5,0
DA:7,0
DA:9,0
DA:10,0
DA:12,0
LF:5
LH:0
end_of_record
SF:lib/common_widgets/custom_text_button.dart
DA:6,0
DA:12,0
DA:14,0
DA:16,0
DA:17,0
DA:18,0
DA:19,0
DA:20,0
LF:8
LH:0
end_of_record
SF:lib/common_widgets/notes_card.dart
DA:9,0
DA:16,0
DA:17,0
DA:18,0
DA:19,0
DA:21,0
DA:22,0
DA:26,0
DA:28,0
DA:29,0
DA:30,0
DA:31,0
DA:32,0
DA:35,0
DA:36,0
DA:37,0
DA:42,0
DA:43,0
LF:18
LH:0
end_of_record
SF:lib/features/notes/domain/note.dart
DA:8,3
DA:25,1
DA:26,1
DA:27,1
DA:28,1
DA:29,1
DA:30,1
DA:31,1
DA:32,1
DA:36,2
DA:37,1
DA:38,1
DA:39,1
DA:40,1
DA:41,1
DA:42,1
DA:45,0
DA:53,0
DA:54,0
DA:55,0
DA:56,0
DA:57,0
DA:58,0
DA:59,0
DA:62,1
DA:66,1
DA:67,3
DA:68,3
DA:69,3
DA:70,3
DA:71,3
DA:72,3
DA:75,1
DA:76,1
DA:77,1
DA:78,1
DA:79,1
DA:80,1
DA:81,1
DA:82,1
DA:85,1
LF:41
LH:33
end_of_record
SF:lib/common_widgets/primary_button.dart
DA:9,0
DA:19,0
DA:21,0
DA:24,0
DA:25,0
DA:26,0
DA:28,0
DA:29,0
DA:30,0
DA:32,0
LF:10
LH:0
end_of_record
SF:lib/constants/colors.dart
DA:3,0
DA:10,0
DA:22,0
DA:34,0
LF:4
LH:0
end_of_record
SF:lib/exceptions/app_exceptions.dart
DA:3,0
DA:7,0
DA:8,0
DA:13,0
DA:14,0
DA:18,0
DA:22,0
DA:26,0
DA:31,0
DA:32,0
DA:38,0
DA:39,0
DA:45,0
DA:46,0
LF:14
LH:0
end_of_record
SF:lib/features/authentication/presentation/authentication_controller.dart
DA:10,0
DA:17,0
DA:21,0
DA:22,0
DA:23,0
DA:24,0
DA:25,0
DA:28,0
DA:33,0
DA:34,0
DA:35,0
DA:36,0
DA:37,0
DA:40,0
DA:41,0
DA:42,0
DA:43,0
LF:17
LH:0
end_of_record
SF:lib/features/authentication/presentation/authentication_controller.g.dart
DA:9,0
DA:14,0
DA:15,0
LF:3
LH:0
end_of_record
SF:lib/features/authentication/presentation/email_password_validators.dart
DA:15,0
DA:16,0
DA:19,0
DA:20,0
DA:23,0
DA:24,0
DA:25,0
DA:26,0
DA:27,0
DA:31,0
DA:32,0
DA:33,0
DA:34,0
DA:35,0
LF:14
LH:0
end_of_record
SF:lib/features/authentication/presentation/string_validators.dart
DA:14,0
DA:17,0
DA:21,0
DA:22,0
DA:23,0
DA:24,0
DA:31,0
DA:38,0
DA:41,0
DA:44,0
DA:45,0
DA:55,0
DA:60,0
DA:65,0
DA:67,0
DA:73,0
DA:76,0
DA:78,0
LF:18
LH:0
end_of_record
SF:lib/localization/string_hardcoded.dart
DA:4,0
LF:1
LH:0
end_of_record
SF:lib/features/authentication/presentation/sign_in_screen.dart
DA:16,1
DA:18,0
DA:19,0
DA:29,0
DA:30,0
DA:31,0
DA:35,0
DA:38,0
DA:39,0
DA:40,0
DA:41,0
DA:44,0
DA:45,0
DA:48,0
DA:49,0
DA:54,0
DA:55,0
DA:56,0
DA:61,0
DA:62,0
DA:63,0
DA:66,0
DA:69,0
DA:71,0
DA:72,0
DA:73,0
DA:75,0
DA:76,0
DA:78,0
DA:80,0
DA:83,0
DA:92,0
DA:93,0
DA:94,0
DA:95,0
DA:99,0
DA:101,0
DA:103,0
DA:104,0
DA:105,0
DA:108,0
DA:110,0
DA:114,0
DA:115,0
DA:121,0
DA:126,0
DA:127,0
DA:128,0
DA:129,0
DA:137,0
DA:139,0
DA:141,0
DA:142,0
DA:143,0
DA:146,0
DA:148,0
DA:149,0
DA:154,0
DA:158,0
DA:169,0
DA:175,0
DA:176,0
DA:182,0
DA:183,0
DA:186,0
DA:188,0
DA:189,0
DA:190,0
DA:194,0
DA:195,0
DA:200,0
LF:71
LH:1
end_of_record
SF:lib/utils/async_value_ui.dart
DA:11,0
DA:12,0
DA:13,0
DA:14,0
DA:23,0
DA:24,0
DA:25,0
DA:26,0
DA:27,0
DA:29,0
LF:10
LH:0
end_of_record
SF:lib/routing/app_router.dart
DA:14,0
DA:15,0
DA:18,0
DA:19,0
DA:20,0
DA:21,0
DA:25,0
DA:26,0
DA:27,0
DA:29,0
DA:31,0
DA:35,0
DA:40,0
DA:41,0
DA:43,0
DA:44,0
DA:45,0
DA:47,0
DA:48,0
DA:49,0
DA:51,0
DA:52,0
DA:53,0
DA:54,0
DA:56,0
DA:57,0
DA:58,0
DA:60,0
DA:61,0
DA:62,0
DA:63,0
LF:31
LH:0
end_of_record
SF:lib/features/authentication/presentation/sign_up_screen.dart
DA:16,1
DA:18,0
DA:19,0
DA:29,0
DA:30,0
DA:31,0
DA:35,0
DA:38,0
DA:39,0
DA:40,0
DA:41,0
DA:42,0
DA:45,0
DA:46,0
DA:49,0
DA:50,0
DA:51,0
DA:56,0
DA:57,0
DA:58,0
DA:63,0
DA:64,0
DA:65,0
DA:68,0
DA:71,0
DA:73,0
DA:74,0
DA:75,0
DA:77,0
DA:78,0
DA:80,0
DA:82,0
DA:85,0
DA:94,0
DA:95,0
DA:96,0
DA:97,0
DA:99,0
DA:101,0
DA:103,0
DA:104,0
DA:105,0
DA:108,0
DA:110,0
DA:111,0
DA:115,0
DA:121,0
DA:132,0
DA:134,0
DA:136,0
DA:137,0
DA:138,0
DA:141,0
DA:143,0
DA:147,0
DA:148,0
DA:154,0
DA:159,0
DA:160,0
DA:161,0
DA:162,0
DA:170,0
DA:172,0
DA:174,0
DA:175,0
DA:176,0
DA:179,0
DA:181,0
DA:182,0
DA:187,0
DA:191,0
DA:202,0
DA:208,0
DA:209,0
DA:215,0
DA:216,0
DA:219,0
DA:221,0
DA:222,0
DA:223,0
DA:227,0
DA:228,0
DA:233,0
LF:83
LH:1
end_of_record
SF:lib/features/notes/presentation/add_note_screen.dart
DA:12,1
DA:14,0
DA:15,0
DA:22,0
DA:24,0
DA:25,0
DA:26,0
DA:31,0
DA:33,0
DA:34,0
DA:35,0
DA:39,0
DA:41,0
DA:44,0
DA:45,0
DA:48,0
DA:49,0
DA:50,0
DA:57,0
DA:60,0
DA:62,0
DA:63,0
DA:64,0
DA:80,0
DA:81,0
DA:97,0
DA:98,0
DA:102,0
DA:105,0
DA:107,0
LF:30
LH:1
end_of_record
SF:lib/features/notes/presentation/edit_note_screen.dart
DA:17,0
DA:20,0
DA:22,0
DA:23,0
DA:24,0
DA:26,0
DA:27,0
DA:28,0
DA:29,0
DA:30,0
DA:31,0
DA:32,0
DA:33,0
DA:38,0
DA:39,0
DA:40,0
DA:47,0
DA:50,0
DA:52,0
DA:56,0
DA:61,0
DA:63,0
DA:65,0
DA:66,0
DA:69,0
DA:70,0
DA:71,0
DA:72,0
DA:74,0
DA:75,0
DA:79,0
DA:80,0
DA:81,0
DA:82,0
DA:83,0
DA:85,0
DA:86,0
DA:87,0
DA:91,0
DA:92,0
DA:93,0
DA:94,0
DA:95,0
DA:97,0
DA:98,0
DA:99,0
DA:103,0
DA:105,0
DA:106,0
DA:108,0
DA:109,0
DA:110,0
DA:111,0
DA:112,0
DA:113,0
DA:114,0
DA:115,0
DA:119,0
DA:120,0
DA:121,0
DA:124,0
DA:127,0
DA:128,0
DA:131,0
DA:132,0
DA:137,0
DA:140,0
DA:142,0
DA:143,0
DA:144,0
DA:157,0
DA:158,0
DA:174,0
DA:178,0
DA:179,0
DA:181,0
DA:182,0
DA:183,0
DA:184,0
DA:185,0
DA:189,0
LF:81
LH:0
end_of_record
SF:lib/features/notes/presentation/grids/notes_grids.dart
DA:10,1
DA:13,0
DA:15,0
DA:16,0
DA:18,0
DA:25,0
DA:26,0
DA:27,0
DA:28,0
DA:30,0
DA:38,1
DA:41,0
DA:43,0
DA:44,0
DA:46,0
DA:49,0
DA:50,0
DA:51,0
DA:52,0
DA:54,0
DA:62,1
DA:65,0
DA:67,0
DA:68,0
DA:70,0
DA:73,0
DA:74,0
DA:75,0
DA:76,0
DA:78,0
LF:30
LH:3
end_of_record
SF:lib/features/notes/presentation/notes_screen.dart
DA:13,1
DA:15,0
DA:16,0
DA:31,0
DA:33,0
DA:34,0
DA:35,0
DA:36,0
DA:37,0
DA:39,0
DA:40,0
DA:41,0
DA:42,0
DA:44,0
DA:45,0
DA:46,0
DA:47,0
DA:50,0
DA:51,0
DA:52,0
DA:54,0
DA:56,0
DA:59,0
DA:62,0
DA:63,0
DA:65,0
DA:66,0
DA:67,0
DA:73,0
DA:78,0
DA:89,0
DA:92,0
DA:94,0
DA:96,0
DA:97,0
DA:98,0
DA:99,0
DA:100,0
DA:101,0
DA:102,0
DA:104,0
DA:105,0
DA:110,0
DA:115,0
DA:116,0
DA:119,0
DA:120,0
DA:121,0
DA:122,0
DA:123,0
DA:125,0
DA:129,0
DA:130,0
DA:132,0
DA:133,0
DA:134,0
DA:135,0
DA:137,0
DA:140,0
DA:155,0
DA:158,0
DA:159,0
DA:160,0
DA:162,0
DA:163,0
DA:171,0
DA:172,0
DA:173,0
DA:174,0
DA:176,0
DA:182,0
LF:71
LH:1
end_of_record
SF:lib/routing/go_router_refresh_stream.dart
DA:7,0
DA:8,0
DA:9,0
DA:10,0
DA:16,0
DA:18,0
DA:19,0
LF:7
LH:0
end_of_record
SF:lib/features/authentication/domain/app_user.dart
DA:5,0
DA:17,0
DA:21,0
DA:22,0
DA:23,0
DA:24,0
DA:27,0
DA:28,0
DA:30,0
DA:31,0
DA:33,0
DA:34,0
DA:35,0
DA:36,0
LF:14
LH:0
end_of_record
